{"C:\\Users\\Lucas\\Desktop\\Udemy\\TypeScript + React\\Administrador de productos\\rest_api_node_ts\\src\\router.ts": {"path":"C:\\Users\\Lucas\\Desktop\\Udemy\\TypeScript + React\\Administrador de productos\\rest_api_node_ts\\src\\router.ts","statementMap":{"0":{"start":{"line":1,"column":0},"end":{"line":1,"column":32}},"1":{"start":{"line":2,"column":0},"end":{"line":2,"column":48}},"2":{"start":{"line":3,"column":0},"end":{"line":3,"column":130}},"3":{"start":{"line":4,"column":0},"end":{"line":4,"column":50}},"4":{"start":{"line":6,"column":13},"end":{"line":6,"column":31}},"5":{"start":{"line":10,"column":0},"end":{"line":10,"column":null}},"6":{"start":{"line":12,"column":0},"end":{"line":16,"column":null}},"7":{"start":{"line":18,"column":0},"end":{"line":28,"column":null}},"8":{"start":{"line":25,"column":26},"end":{"line":25,"column":35}},"9":{"start":{"line":30,"column":0},"end":{"line":42,"column":null}},"10":{"start":{"line":37,"column":26},"end":{"line":37,"column":35}},"11":{"start":{"line":44,"column":0},"end":{"line":48,"column":null}},"12":{"start":{"line":50,"column":0},"end":{"line":54,"column":null}}},"fnMap":{"0":{"name":"(anonymous_0)","decl":{"start":{"line":25,"column":17},"end":{"line":25,"column":22}},"loc":{"start":{"line":25,"column":26},"end":{"line":25,"column":35}}},"1":{"name":"(anonymous_1)","decl":{"start":{"line":37,"column":17},"end":{"line":37,"column":22}},"loc":{"start":{"line":37,"column":26},"end":{"line":37,"column":35}}}},"branchMap":{},"s":{"0":2,"1":2,"2":2,"3":2,"4":2,"5":2,"6":2,"7":2,"8":4,"9":2,"10":5,"11":2,"12":2},"f":{"0":4,"1":5},"b":{}}
,"C:\\Users\\Lucas\\Desktop\\Udemy\\TypeScript + React\\Administrador de productos\\rest_api_node_ts\\src\\server.ts": {"path":"C:\\Users\\Lucas\\Desktop\\Udemy\\TypeScript + React\\Administrador de productos\\rest_api_node_ts\\src\\server.ts","statementMap":{"0":{"start":{"line":7,"column":0},"end":{"line":7,"column":7}},"1":{"start":{"line":1,"column":0},"end":{"line":1,"column":40}},"2":{"start":{"line":2,"column":0},"end":{"line":2,"column":34}},"3":{"start":{"line":3,"column":0},"end":{"line":3,"column":29}},"4":{"start":{"line":4,"column":0},"end":{"line":4,"column":29}},"5":{"start":{"line":8,"column":4},"end":{"line":20,"column":5}},"6":{"start":{"line":10,"column":8},"end":{"line":10,"column":32}},"7":{"start":{"line":13,"column":8},"end":{"line":13,"column":18}},"8":{"start":{"line":19,"column":8},"end":{"line":19,"column":76}},"9":{"start":{"line":23,"column":0},"end":{"line":23,"column":12}},"10":{"start":{"line":26,"column":13},"end":{"line":26,"column":32}},"11":{"start":{"line":29,"column":0},"end":{"line":29,"column":27}},"12":{"start":{"line":31,"column":0},"end":{"line":31,"column":36}},"13":{"start":{"line":33,"column":0},"end":{"line":35,"column":null}},"14":{"start":{"line":34,"column":4},"end":{"line":34,"column":null}}},"fnMap":{"0":{"name":"connectDB","decl":{"start":{"line":7,"column":22},"end":{"line":7,"column":31}},"loc":{"start":{"line":7,"column":31},"end":{"line":21,"column":1}}},"1":{"name":"(anonymous_2)","decl":{"start":{"line":33,"column":19},"end":{"line":33,"column":20}},"loc":{"start":{"line":33,"column":32},"end":{"line":35,"column":1}}}},"branchMap":{},"s":{"0":2,"1":2,"2":2,"3":2,"4":2,"5":3,"6":3,"7":2,"8":1,"9":2,"10":2,"11":2,"12":2,"13":2,"14":1},"f":{"0":3,"1":1},"b":{}}
,"C:\\Users\\Lucas\\Desktop\\Udemy\\TypeScript + React\\Administrador de productos\\rest_api_node_ts\\src\\config\\db.ts": {"path":"C:\\Users\\Lucas\\Desktop\\Udemy\\TypeScript + React\\Administrador de productos\\rest_api_node_ts\\src\\config\\db.ts","statementMap":{"0":{"start":{"line":1,"column":0},"end":{"line":1,"column":49}},"1":{"start":{"line":2,"column":0},"end":{"line":2,"column":27}},"2":{"start":{"line":4,"column":0},"end":{"line":4,"column":null}},"3":{"start":{"line":7,"column":11},"end":{"line":10,"column":2}},"4":{"start":{"line":12,"column":0},"end":{"line":12,"column":null}}},"fnMap":{},"branchMap":{},"s":{"0":2,"1":2,"2":2,"3":2,"4":2},"f":{},"b":{}}
,"C:\\Users\\Lucas\\Desktop\\Udemy\\TypeScript + React\\Administrador de productos\\rest_api_node_ts\\src\\handlers\\product.ts": {"path":"C:\\Users\\Lucas\\Desktop\\Udemy\\TypeScript + React\\Administrador de productos\\rest_api_node_ts\\src\\handlers\\product.ts","statementMap":{"0":{"start":{"line":3,"column":0},"end":{"line":3,"column":47}},"1":{"start":{"line":6,"column":27},"end":{"line":17,"column":1}},"2":{"start":{"line":7,"column":4},"end":{"line":16,"column":5}},"3":{"start":{"line":8,"column":25},"end":{"line":10,"column":10}},"4":{"start":{"line":12,"column":8},"end":{"line":12,"column":null}},"5":{"start":{"line":15,"column":8},"end":{"line":15,"column":27}},"6":{"start":{"line":6,"column":13},"end":{"line":6,"column":27}},"7":{"start":{"line":19,"column":30},"end":{"line":33,"column":1}},"8":{"start":{"line":20,"column":4},"end":{"line":32,"column":5}},"9":{"start":{"line":21,"column":21},"end":{"line":21,"column":31}},"10":{"start":{"line":23,"column":24},"end":{"line":23,"column":50}},"11":{"start":{"line":25,"column":8},"end":{"line":27,"column":9}},"12":{"start":{"line":26,"column":12},"end":{"line":26,"column":null}},"13":{"start":{"line":29,"column":8},"end":{"line":29,"column":null}},"14":{"start":{"line":31,"column":8},"end":{"line":31,"column":27}},"15":{"start":{"line":19,"column":13},"end":{"line":19,"column":30}},"16":{"start":{"line":35,"column":29},"end":{"line":50,"column":1}},"17":{"start":{"line":36,"column":4},"end":{"line":49,"column":5}},"18":{"start":{"line":43,"column":24},"end":{"line":43,"column":54}},"19":{"start":{"line":45,"column":8},"end":{"line":45,"column":null}},"20":{"start":{"line":48,"column":8},"end":{"line":48,"column":27}},"21":{"start":{"line":35,"column":13},"end":{"line":35,"column":29}},"22":{"start":{"line":52,"column":29},"end":{"line":70,"column":1}},"23":{"start":{"line":53,"column":4},"end":{"line":69,"column":5}},"24":{"start":{"line":54,"column":21},"end":{"line":54,"column":31}},"25":{"start":{"line":56,"column":24},"end":{"line":56,"column":50}},"26":{"start":{"line":58,"column":8},"end":{"line":60,"column":9}},"27":{"start":{"line":59,"column":12},"end":{"line":59,"column":null}},"28":{"start":{"line":63,"column":8},"end":{"line":63,"column":null}},"29":{"start":{"line":64,"column":8},"end":{"line":64,"column":29}},"30":{"start":{"line":66,"column":8},"end":{"line":66,"column":null}},"31":{"start":{"line":68,"column":8},"end":{"line":68,"column":27}},"32":{"start":{"line":52,"column":13},"end":{"line":52,"column":29}},"33":{"start":{"line":72,"column":34},"end":{"line":90,"column":1}},"34":{"start":{"line":73,"column":4},"end":{"line":89,"column":5}},"35":{"start":{"line":74,"column":21},"end":{"line":74,"column":31}},"36":{"start":{"line":76,"column":24},"end":{"line":76,"column":50}},"37":{"start":{"line":78,"column":8},"end":{"line":80,"column":9}},"38":{"start":{"line":79,"column":12},"end":{"line":79,"column":null}},"39":{"start":{"line":83,"column":8},"end":{"line":83,"column":null}},"40":{"start":{"line":84,"column":8},"end":{"line":84,"column":29}},"41":{"start":{"line":86,"column":8},"end":{"line":86,"column":null}},"42":{"start":{"line":88,"column":8},"end":{"line":88,"column":27}},"43":{"start":{"line":72,"column":13},"end":{"line":72,"column":34}},"44":{"start":{"line":92,"column":29},"end":{"line":112,"column":1}},"45":{"start":{"line":93,"column":4},"end":{"line":111,"column":5}},"46":{"start":{"line":94,"column":21},"end":{"line":94,"column":31}},"47":{"start":{"line":96,"column":24},"end":{"line":96,"column":50}},"48":{"start":{"line":98,"column":8},"end":{"line":100,"column":9}},"49":{"start":{"line":99,"column":12},"end":{"line":99,"column":null}},"50":{"start":{"line":103,"column":8},"end":{"line":103,"column":32}},"51":{"start":{"line":108,"column":8},"end":{"line":108,"column":null}},"52":{"start":{"line":110,"column":8},"end":{"line":110,"column":27}},"53":{"start":{"line":92,"column":13},"end":{"line":92,"column":29}}},"fnMap":{"0":{"name":"(anonymous_1)","decl":{"start":{"line":6,"column":27},"end":{"line":6,"column":32}},"loc":{"start":{"line":6,"column":67},"end":{"line":17,"column":1}}},"1":{"name":"(anonymous_2)","decl":{"start":{"line":19,"column":30},"end":{"line":19,"column":35}},"loc":{"start":{"line":19,"column":70},"end":{"line":33,"column":1}}},"2":{"name":"(anonymous_3)","decl":{"start":{"line":35,"column":29},"end":{"line":35,"column":34}},"loc":{"start":{"line":35,"column":69},"end":{"line":50,"column":1}}},"3":{"name":"(anonymous_4)","decl":{"start":{"line":52,"column":29},"end":{"line":52,"column":34}},"loc":{"start":{"line":52,"column":69},"end":{"line":70,"column":1}}},"4":{"name":"(anonymous_5)","decl":{"start":{"line":72,"column":34},"end":{"line":72,"column":39}},"loc":{"start":{"line":72,"column":74},"end":{"line":90,"column":1}}},"5":{"name":"(anonymous_6)","decl":{"start":{"line":92,"column":29},"end":{"line":92,"column":34}},"loc":{"start":{"line":92,"column":69},"end":{"line":112,"column":1}}}},"branchMap":{"0":{"loc":{"start":{"line":25,"column":8},"end":{"line":27,"column":9}},"type":"if","locations":[{"start":{"line":25,"column":8},"end":{"line":27,"column":9}}]},"1":{"loc":{"start":{"line":58,"column":8},"end":{"line":60,"column":9}},"type":"if","locations":[{"start":{"line":58,"column":8},"end":{"line":60,"column":9}}]},"2":{"loc":{"start":{"line":78,"column":8},"end":{"line":80,"column":9}},"type":"if","locations":[{"start":{"line":78,"column":8},"end":{"line":80,"column":9}}]},"3":{"loc":{"start":{"line":98,"column":8},"end":{"line":100,"column":9}},"type":"if","locations":[{"start":{"line":98,"column":8},"end":{"line":100,"column":9}}]}},"s":{"0":2,"1":2,"2":2,"3":2,"4":2,"5":0,"6":2,"7":2,"8":2,"9":2,"10":2,"11":2,"12":1,"13":1,"14":0,"15":2,"16":2,"17":1,"18":1,"19":1,"20":0,"21":2,"22":2,"23":2,"24":2,"25":2,"26":2,"27":1,"28":1,"29":1,"30":1,"31":0,"32":2,"33":2,"34":2,"35":2,"36":2,"37":2,"38":2,"39":0,"40":0,"41":0,"42":0,"43":2,"44":2,"45":2,"46":2,"47":2,"48":2,"49":1,"50":1,"51":1,"52":0,"53":2},"f":{"0":2,"1":2,"2":1,"3":2,"4":2,"5":2},"b":{"0":[1],"1":[1],"2":[2],"3":[1]}}
,"C:\\Users\\Lucas\\Desktop\\Udemy\\TypeScript + React\\Administrador de productos\\rest_api_node_ts\\src\\middleware\\index.ts": {"path":"C:\\Users\\Lucas\\Desktop\\Udemy\\TypeScript + React\\Administrador de productos\\rest_api_node_ts\\src\\middleware\\index.ts","statementMap":{"0":{"start":{"line":2,"column":0},"end":{"line":2,"column":53}},"1":{"start":{"line":4,"column":34},"end":{"line":13,"column":1}},"2":{"start":{"line":6,"column":17},"end":{"line":6,"column":38}},"3":{"start":{"line":8,"column":4},"end":{"line":10,"column":5}},"4":{"start":{"line":9,"column":8},"end":{"line":9,"column":null}},"5":{"start":{"line":12,"column":4},"end":{"line":12,"column":11}},"6":{"start":{"line":4,"column":13},"end":{"line":4,"column":34}}},"fnMap":{"0":{"name":"(anonymous_0)","decl":{"start":{"line":4,"column":34},"end":{"line":4,"column":35}},"loc":{"start":{"line":4,"column":89},"end":{"line":13,"column":1}}}},"branchMap":{"0":{"loc":{"start":{"line":8,"column":4},"end":{"line":10,"column":5}},"type":"if","locations":[{"start":{"line":8,"column":4},"end":{"line":10,"column":5}}]}},"s":{"0":2,"1":2,"2":17,"3":17,"4":8,"5":9,"6":2},"f":{"0":17},"b":{"0":[8]}}
,"C:\\Users\\Lucas\\Desktop\\Udemy\\TypeScript + React\\Administrador de productos\\rest_api_node_ts\\src\\models\\Product.module.ts": {"path":"C:\\Users\\Lucas\\Desktop\\Udemy\\TypeScript + React\\Administrador de productos\\rest_api_node_ts\\src\\models\\Product.module.ts","statementMap":{"0":{"start":{"line":1,"column":0},"end":{"line":1,"column":79}},"1":{"start":{"line":7,"column":0},"end":{"line":24,"column":null}},"2":{"start":{"line":12,"column":12},"end":{"line":12,"column":null}},"3":{"start":{"line":17,"column":12},"end":{"line":17,"column":null}},"4":{"start":{"line":23,"column":12},"end":{"line":23,"column":null}},"5":{"start":{"line":7,"column":6},"end":{"line":24,"column":null}},"6":{"start":{"line":26,"column":0},"end":{"line":26,"column":null}}},"fnMap":{},"branchMap":{},"s":{"0":3,"1":3,"2":3,"3":3,"4":3,"5":3,"6":3},"f":{},"b":{}}
}
