TN:
SF:src\router.ts
FN:25,(anonymous_0)
FN:37,(anonymous_1)
FNF:2
FNH:2
FNDA:4,(anonymous_0)
FNDA:5,(anonymous_1)
DA:1,2
DA:2,2
DA:3,2
DA:4,2
DA:6,2
DA:10,2
DA:12,2
DA:18,2
DA:25,4
DA:30,2
DA:37,5
DA:44,2
DA:50,2
LF:13
LH:13
BRF:0
BRH:0
end_of_record
TN:
SF:src\server.ts
FN:7,connectDB
FN:33,(anonymous_2)
FNF:2
FNH:2
FNDA:3,connectDB
FNDA:1,(anonymous_2)
DA:1,2
DA:2,2
DA:3,2
DA:4,2
DA:7,2
DA:8,3
DA:10,3
DA:13,2
DA:19,1
DA:23,2
DA:26,2
DA:29,2
DA:31,2
DA:33,2
DA:34,1
LF:15
LH:15
BRF:0
BRH:0
end_of_record
TN:
SF:src\config\db.ts
FNF:0
FNH:0
DA:1,2
DA:2,2
DA:4,2
DA:7,2
DA:12,2
LF:5
LH:5
BRF:0
BRH:0
end_of_record
TN:
SF:src\handlers\product.ts
FN:6,(anonymous_1)
FN:19,(anonymous_2)
FN:35,(anonymous_3)
FN:52,(anonymous_4)
FN:72,(anonymous_5)
FN:92,(anonymous_6)
FNF:6
FNH:6
FNDA:2,(anonymous_1)
FNDA:2,(anonymous_2)
FNDA:1,(anonymous_3)
FNDA:2,(anonymous_4)
FNDA:2,(anonymous_5)
FNDA:2,(anonymous_6)
DA:3,2
DA:6,2
DA:7,2
DA:8,2
DA:12,2
DA:15,0
DA:19,2
DA:20,2
DA:21,2
DA:23,2
DA:25,2
DA:26,1
DA:29,1
DA:31,0
DA:35,2
DA:36,1
DA:43,1
DA:45,1
DA:48,0
DA:52,2
DA:53,2
DA:54,2
DA:56,2
DA:58,2
DA:59,1
DA:63,1
DA:64,1
DA:66,1
DA:68,0
DA:72,2
DA:73,2
DA:74,2
DA:76,2
DA:78,2
DA:79,2
DA:83,0
DA:84,0
DA:86,0
DA:88,0
DA:92,2
DA:93,2
DA:94,2
DA:96,2
DA:98,2
DA:99,1
DA:103,1
DA:108,1
DA:110,0
LF:48
LH:39
BRDA:25,0,0,1
BRDA:58,1,0,1
BRDA:78,2,0,2
BRDA:98,3,0,1
BRF:4
BRH:4
end_of_record
TN:
SF:src\middleware\index.ts
FN:4,(anonymous_0)
FNF:1
FNH:1
FNDA:17,(anonymous_0)
DA:2,2
DA:4,2
DA:6,17
DA:8,17
DA:9,8
DA:12,9
LF:6
LH:6
BRDA:8,0,0,8
BRF:1
BRH:1
end_of_record
TN:
SF:src\models\Product.module.ts
FNF:0
FNH:0
DA:1,3
DA:7,3
DA:12,3
DA:17,3
DA:23,3
DA:26,3
LF:6
LH:6
BRF:0
BRH:0
end_of_record
